Start testing: Nov 07 13:57 EAT
----------------------------------------------------------
1/8 Testing: AttentionValueUTest
1/8 Test: AttentionValueUTest
Command: "/home/yeab/attention/build/tests/attentionbank/AttentionValueUTest"
Directory: /home/yeab/attention/build/tests/attentionbank
"AttentionValueUTest" start time: Nov 07 13:57 EAT
Output:
----------------------------------------------------------
Running cxxtest tests (8 tests)........OK!
<end of output>
Test time =   0.01 sec
----------------------------------------------------------
Test Passed.
"AttentionValueUTest" end time: Nov 07 13:57 EAT
"AttentionValueUTest" time elapsed: 00:00:00
----------------------------------------------------------

2/8 Testing: AttentionUTest
2/8 Test: AttentionUTest
Command: "/home/yeab/attention/build/tests/attentionbank/AttentionUTest"
Directory: /home/yeab/attention/build/tests/attentionbank
"AttentionUTest" start time: Nov 07 13:57 EAT
Output:
----------------------------------------------------------
Running cxxtest tests (3 tests)...OK!
<end of output>
Test time =   0.03 sec
----------------------------------------------------------
Test Passed.
"AttentionUTest" end time: Nov 07 13:57 EAT
"AttentionUTest" time elapsed: 00:00:00
----------------------------------------------------------

3/8 Testing: BankImplUTest
3/8 Test: BankImplUTest
Command: "/home/yeab/attention/build/tests/attentionbank/BankImplUTest"
Directory: /home/yeab/attention/build/tests/attentionbank
"BankImplUTest" start time: Nov 07 13:57 EAT
Output:
----------------------------------------------------------
Running cxxtest tests (10 tests)..........OK!
<end of output>
Test time =   0.01 sec
----------------------------------------------------------
Test Passed.
"BankImplUTest" end time: Nov 07 13:57 EAT
"BankImplUTest" time elapsed: 00:00:00
----------------------------------------------------------

4/8 Testing: BankAsyncUTest
4/8 Test: BankAsyncUTest
Command: "/home/yeab/attention/build/tests/attentionbank/BankAsyncUTest"
Directory: /home/yeab/attention/build/tests/attentionbank
"BankAsyncUTest" start time: Nov 07 13:57 EAT
Output:
----------------------------------------------------------
Running cxxtest tests (1 test).OK!
<end of output>
Test time =   0.01 sec
----------------------------------------------------------
Test Passed.
"BankAsyncUTest" end time: Nov 07 13:57 EAT
"BankAsyncUTest" time elapsed: 00:00:00
----------------------------------------------------------

5/8 Testing: AttentionalFocusCBUTest
5/8 Test: AttentionalFocusCBUTest
Command: "/home/yeab/attention/build/tests/attentionbank/AttentionalFocusCBUTest"
Directory: /home/yeab/attention/build/tests/attentionbank
"AttentionalFocusCBUTest" start time: Nov 07 13:57 EAT
Output:
----------------------------------------------------------
Running cxxtest tests (1 test)[2024-11-07 10:57:39:076] [DEBUG] BEGIN TEST: test_af_bindlink
.OK!
;;; note: auto-compilation is enabled, set GUILE_AUTO_COMPILE=0
;;;       or pass the --no-auto-compile argument to disable.
;;; compiling /home/yeab/attention/tests/attentionbank/af-filtering-test.scm
;;; compiling /home/yeab/attention/build/opencog/scm/opencog/attention-bank.scm
;;; compiling /home/yeab/attention/build/opencog/scm/opencog/attention-config.scm
;;; compiled /home/yeab/.cache/guile/ccache/3.0-LE-8-4.5/home/yeab/attention/build/opencog/scm/opencog/attention-config.scm.go
WARNING: Use of `load' in declarative module (opencog attention-bank).  Add #:declarative? #f to your define-module invocation.
;;; opencog/attention-bank.scm:37:9: warning: possibly unbound variable `AttentionValue'
;;; compiled /home/yeab/.cache/guile/ccache/3.0-LE-8-4.5/home/yeab/attention/build/opencog/scm/opencog/attention-bank.scm.go
;;; compiling /home/yeab/attention/build/opencog/scm/opencog/attentionbank/types/attention_types.scm
;;; compiled /home/yeab/.cache/guile/ccache/3.0-LE-8-4.5/home/yeab/attention/build/opencog/scm/opencog/attentionbank/types/attention_types.scm.go
;;; compiled /home/yeab/.cache/guile/ccache/3.0-LE-8-4.5/home/yeab/attention/tests/attentionbank/af-filtering-test.scm.go
<end of output>
Test time =   0.37 sec
----------------------------------------------------------
Test Passed.
"AttentionalFocusCBUTest" end time: Nov 07 13:57 EAT
"AttentionalFocusCBUTest" time elapsed: 00:00:00
----------------------------------------------------------

6/8 Testing: AttentionParamQueryUTest
6/8 Test: AttentionParamQueryUTest
Command: "/home/yeab/attention/build/tests/attention/AttentionParamQueryUTest"
Directory: /home/yeab/attention/build/tests/attention
"AttentionParamQueryUTest" start time: Nov 07 13:57 EAT
Output:
----------------------------------------------------------
Running cxxtest tests (4 tests)....OK!
;;; note: auto-compilation is enabled, set GUILE_AUTO_COMPILE=0
;;;       or pass the --no-auto-compile argument to disable.
;;; compiling /home/yeab/attention/build/opencog/scm/opencog/attention/default-param-values.scm
;;; compiled /home/yeab/.cache/guile/ccache/3.0-LE-8-4.5/home/yeab/attention/build/opencog/scm/opencog/attention/default-param-values.scm.go
<end of output>
Test time =   0.18 sec
----------------------------------------------------------
Test Passed.
"AttentionParamQueryUTest" end time: Nov 07 13:57 EAT
"AttentionParamQueryUTest" time elapsed: 00:00:00
----------------------------------------------------------

7/8 Testing: ImportanceDiffusionUTest
7/8 Test: ImportanceDiffusionUTest
Command: "/home/yeab/attention/build/tests/attention/ImportanceDiffusionUTest"
Directory: /home/yeab/attention/build/tests/attention
"ImportanceDiffusionUTest" start time: Nov 07 13:57 EAT
Output:
----------------------------------------------------------
Running cxxtest tests (8 tests)........OK!
;;; note: auto-compilation is enabled, set GUILE_AUTO_COMPILE=0
;;;       or pass the --no-auto-compile argument to disable.
;;; compiling /home/yeab/attention/build/opencog/scm/opencog/attention.scm
WARNING: Use of `load' in declarative module (opencog attention).  Add #:declarative? #f to your define-module invocation.
;;; opencog/attention.scm:18:5: warning: possibly unbound variable `StateLink'
;;; opencog/attention.scm:19:6: warning: possibly unbound variable `SPREADING_FILTER'
;;; opencog/attention.scm:20:7: warning: possibly unbound variable `MemberLink'
;;; opencog/attention.scm:21:26: warning: possibly unbound variable `TypeNode'
;;; compiled /home/yeab/.cache/guile/ccache/3.0-LE-8-4.5/home/yeab/attention/build/opencog/scm/opencog/attention.scm.go
<end of output>
Test time =   0.10 sec
----------------------------------------------------------
Test Passed.
"ImportanceDiffusionUTest" end time: Nov 07 13:57 EAT
"ImportanceDiffusionUTest" time elapsed: 00:00:00
----------------------------------------------------------

8/8 Testing: HebbianCreationModuleUTest
8/8 Test: HebbianCreationModuleUTest
Command: "/home/yeab/attention/build/tests/attention/HebbianCreationModuleUTest"
Directory: /home/yeab/attention/build/tests/attention
"HebbianCreationModuleUTest" start time: Nov 07 13:57 EAT
Output:
----------------------------------------------------------
Running cxxtest tests (1 test)
AF: 
(ConceptNode "Kermit" (stv 0.001 900)) ; [5eb698a26f3ce69c][1]
(ConceptNode "Frog" (stv 0.01 900)) ; [3dd97786ac33020][1]
(ConceptNode "Animal" (stv 0.1 900)) ; [e984dcc8320aa56][1]
(PredicateNode "alive" (stv 0.01 900)) ; [688a177a9bccc9c2][1]
count(HebLinks) = 12
.OK!
<end of output>
Test time =   1.07 sec
----------------------------------------------------------
Test Passed.
"HebbianCreationModuleUTest" end time: Nov 07 13:57 EAT
"HebbianCreationModuleUTest" time elapsed: 00:00:01
----------------------------------------------------------

End testing: Nov 07 13:57 EAT
